{
  "RSpec": {
    "coverage": {
      "/Users/student/Project/tech_tests/meow/spec/features/students_spec.rb": {
        "lines": [
          1,
          1,
          1,
          1,
          null,
          null,
          1,
          1,
          1,
          1,
          1,
          0,
          null,
          null,
          null
        ]
      },
      "/Users/student/Project/tech_tests/meow/spec/features/test_infrastructure_spec.rb": {
        "lines": [
          1,
          1,
          1,
          1,
          null,
          null,
          null
        ]
      }
    },
    "timestamp": 1582848220
  }
}
